


ARM Macro Assembler    Page 1 


    1 00000000                 PRESERVE8
    2 00000000                 THUMB
    3 00000000         
    4 00000000         
    5 00000000         ; ====================== zone de réservation de données,
                         ======================================
    6 00000000         ;Section RAM (read only) :
    7 00000000                 area             mesdata,data,readonly
    8 00000000         
    9 00000000         
   10 00000000         ;Section RAM (read write):
   11 00000000                 area             maram,data,readwrite
   12 00000000         
   13 00000000         
   14 00000000         
   15 00000000         ; ======================================================
                       =========================================
   16 00000000         
   17 00000000         
   18 00000000         
   19 00000000         
   20 00000000                 area             moncode,code,readonly
   21 00000000         
   22 00000000                 EXPORT           DFT_ModuleAuCarre
   23 00000000         
   24 00000000 00000040 
                       MAX     equ              64
   25 00000000 0000003F 
                       MOD     equ              63
   26 00000000         
   27 00000000         ;------------------------------------------------------
   28 00000000         
   29 00000000         DFT_ModuleAuCarre
                               proc
   30 00000000 B500            push             {lr}
   31 00000002 B410            push             {r4}
   32 00000004 B420            push             {r5}
   33 00000006 B440            push             {r6}
   34 00000008 B480            push             {r7}
   35 0000000A F84D 8D04       push             {r8}
   36 0000000E F84D 9D04       push             {r9}
   37 00000012 F84D AD04       push             {r10}
   38 00000016         
   39 00000016 F04F 0400       mov              r4 ,#0      ;n       = 0
   40 0000001A F04F 0700       mov              r7 ,#0      ;X(k) rel = 0
   41 0000001E F04F 0A00       mov              r10,#0      ;X(k) img = 0
   42 00000022 4605            mov              r5,r0       ;r5      = &LeSigna
                                                            l  
   43 00000024 460E            mov              r6,r1       ;r6       = k
   44 00000026         
   45 00000026         for_loop                             ;for(n = 0; n < MAX
                                                            ; n++)
   46 00000026         ;start
   47 00000026         
   48 00000026 4620            mov              r0,r4       ;n
   49 00000028 4631            mov              r1,r6       ;k
   50 0000002A F7FF FFFE       bl               get_COS     ;function get_COS
   51 0000002E 4680            mov              r8,r0       ;r2 = TabCos[p]
   52 00000030         



ARM Macro Assembler    Page 2 


   53 00000030 4620            mov              r0,r4
   54 00000032 4631            mov              r1,r6
   55 00000034 F7FF FFFE       bl               get_SIN
   56 00000038 4681            mov              r9,r0
   57 0000003A         
   58 0000003A 4628            mov              r0,r5       ;&LeSignal
   59 0000003C 4621            mov              r1,r4       ;n
   60 0000003E F7FF FFFE       bl               get_LeSignal ;function get_LeSi
                                                            gnal
   61 00000042         
   62 00000042 FB08 7700       mla              r7 ,r8,r0,r7 ;r7  += x[n] * Tab
                                                            Cos[p]
   63 00000046 FB09 AA00       mla              r10,r9,r0,r10 ;r10 += x[n] * Ta
                                                            bSin[p]
   64 0000004A         
   65 0000004A F104 0401       add              r4,#1
   66 0000004E 2C40            cmp              r4,#MAX
   67 00000050 DBE9            blt              for_loop
   68 00000052         ;end
   69 00000052         
   70 00000052 FB87 0707       smull            r0,r7,r7,r7 ;r7  = (x[n] * TabC
                                                            os[p])^2
   71 00000056 FB8A 2A0A       smull            r2,r10,r10,r10 ;r10 = (x[n] * T
                                                            abCos[p])^2
   72 0000005A         
   73 0000005A 4457            add              r7,r7,r10   ;r7  = (x[n] * TabC
                                                            os[p])^2 + (x[n] * 
                                                            TabSin[p])^2
   74 0000005C         
   75 0000005C 4638            mov              r0,r7
   76 0000005E         
   77 0000005E F85D AB04       pop              {r10}
   78 00000062 F85D 9B04       pop              {r9}
   79 00000066 F85D 8B04       pop              {r8}
   80 0000006A BC80            pop              {r7}
   81 0000006C BC40            pop              {r6}
   82 0000006E BC20            pop              {r5}
   83 00000070 BC10            pop              {r4}
   84 00000072 BD00            pop              {pc}
   85 00000074         
   86 00000074         ;------------------------------------------------------
   87 00000074         
   88 00000074         get_SIN proc
   89 00000074 4A09            ldr              r2,=TabSin  ;r2 = &TabSin
   90 00000076 FB00 F301       mul              r3,r0,r1    ;r3 = n*k
   91 0000007A F003 033F       and              r3,r3,#MOD  ;r3 = r3 % 64  
   92 0000007E F932 0013       ldrsh            r0,[r2, r3, lsl #1] 
                                                            ;r0 = TabSin[n*p]  
                                                            
   93 00000082         
   94 00000082 4770            bx               lr
   95 00000084         
   96 00000084         get_COS proc                         ;(n, k) --> TabCos[
                                                            p]      
   97 00000084 4A06            ldr              r2,=TabCos  ;r2 = &TabCos
   98 00000086 FB00 F301       mul              r3,r0,r1    ;r3 = n*k
   99 0000008A F003 033F       and              r3,r3,#MOD  ;r3 = r3 % 64  
  100 0000008E F932 0013       ldrsh            r0,[r2, r3, lsl #1] 
                                                            ;r0 = TabCos[n*p]  



ARM Macro Assembler    Page 3 


                                                            
  101 00000092         
  102 00000092 4770            bx               lr
  103 00000094         
  104 00000094         get_LeSignal
                               proc                         ;(&LeSignal, n) -->
                                                             LeSignal[n] 
  105 00000094 F930 0011       ldrsh            r0,[r0, r1, lsl #1]
  106 00000098         
  107 00000098 4770            bx               lr
  108 0000009A         
  109 0000009A         endp
  110 0000009A         
  111 0000009A         ;------------------------------------------------------
  112 0000009A         
  113 0000009A 00 00 00000000 
              00000000         AREA             Trigo, DATA, READONLY
  114 00000000         
  115 00000000         ;------------------------------------------------------
  116 00000000         
  117 00000000         TabCos
  118 00000000 FF 7F           DCW              32767       ;  0 0x7fff  0.9999
                                                            7
  119 00000002 62 7F           DCW              32610       ;  1 0x7f62  0.9951
                                                            8
  120 00000004 8A 7D           DCW              32138       ;  2 0x7d8a  0.9807
                                                            7
  121 00000006 7D 7A           DCW              31357       ;  3 0x7a7d  0.9569
                                                            4
  122 00000008 42 76           DCW              30274       ;  4 0x7642  0.9238
                                                            9
  123 0000000A E3 70           DCW              28899       ;  5 0x70e3  0.8819
                                                            3
  124 0000000C 6E 6A           DCW              27246       ;  6 0x6a6e  0.8314
                                                            8
  125 0000000E F2 62           DCW              25330       ;  7 0x62f2  0.7730
                                                            1
  126 00000010 82 5A           DCW              23170       ;  8 0x5a82  0.7070
                                                            9
  127 00000012 34 51           DCW              20788       ;  9 0x5134  0.6344
                                                            0
  128 00000014 1D 47           DCW              18205       ; 10 0x471d  0.5555
                                                            7
  129 00000016 57 3C           DCW              15447       ; 11 0x3c57  0.4714
                                                            1
  130 00000018 FC 30           DCW              12540       ; 12 0x30fc  0.3826
                                                            9
  131 0000001A 28 25           DCW              9512        ; 13 0x2528  0.2902
                                                            8
  132 0000001C F9 18           DCW              6393        ; 14 0x18f9  0.1951
                                                            0
  133 0000001E 8C 0C           DCW              3212        ; 15 0x0c8c  0.0980
                                                            2
  134 00000020 00 00           DCW              0           ; 16 0x0000  0.0000
                                                            0
  135 00000022 74 F3           DCW              -3212       ; 17 0xf374 -0.0980
                                                            2
  136 00000024 07 E7           DCW              -6393       ; 18 0xe707 -0.1951
                                                            0



ARM Macro Assembler    Page 4 


  137 00000026 D8 DA           DCW              -9512       ; 19 0xdad8 -0.2902
                                                            8
  138 00000028 04 CF           DCW              -12540      ; 20 0xcf04 -0.3826
                                                            9
  139 0000002A A9 C3           DCW              -15447      ; 21 0xc3a9 -0.4714
                                                            1
  140 0000002C E3 B8           DCW              -18205      ; 22 0xb8e3 -0.5555
                                                            7
  141 0000002E CC AE           DCW              -20788      ; 23 0xaecc -0.6344
                                                            0
  142 00000030 7E A5           DCW              -23170      ; 24 0xa57e -0.7070
                                                            9
  143 00000032 0E 9D           DCW              -25330      ; 25 0x9d0e -0.7730
                                                            1
  144 00000034 92 95           DCW              -27246      ; 26 0x9592 -0.8314
                                                            8
  145 00000036 1D 8F           DCW              -28899      ; 27 0x8f1d -0.8819
                                                            3
  146 00000038 BE 89           DCW              -30274      ; 28 0x89be -0.9238
                                                            9
  147 0000003A 83 85           DCW              -31357      ; 29 0x8583 -0.9569
                                                            4
  148 0000003C 76 82           DCW              -32138      ; 30 0x8276 -0.9807
                                                            7
  149 0000003E 9E 80           DCW              -32610      ; 31 0x809e -0.9951
                                                            8
  150 00000040 00 80           DCW              -32768      ; 32 0x8000 -1.0000
                                                            0
  151 00000042 9E 80           DCW              -32610      ; 33 0x809e -0.9951
                                                            8
  152 00000044 76 82           DCW              -32138      ; 34 0x8276 -0.9807
                                                            7
  153 00000046 83 85           DCW              -31357      ; 35 0x8583 -0.9569
                                                            4
  154 00000048 BE 89           DCW              -30274      ; 36 0x89be -0.9238
                                                            9
  155 0000004A 1D 8F           DCW              -28899      ; 37 0x8f1d -0.8819
                                                            3
  156 0000004C 92 95           DCW              -27246      ; 38 0x9592 -0.8314
                                                            8
  157 0000004E 0E 9D           DCW              -25330      ; 39 0x9d0e -0.7730
                                                            1
  158 00000050 7E A5           DCW              -23170      ; 40 0xa57e -0.7070
                                                            9
  159 00000052 CC AE           DCW              -20788      ; 41 0xaecc -0.6344
                                                            0
  160 00000054 E3 B8           DCW              -18205      ; 42 0xb8e3 -0.5555
                                                            7
  161 00000056 A9 C3           DCW              -15447      ; 43 0xc3a9 -0.4714
                                                            1
  162 00000058 04 CF           DCW              -12540      ; 44 0xcf04 -0.3826
                                                            9
  163 0000005A D8 DA           DCW              -9512       ; 45 0xdad8 -0.2902
                                                            8
  164 0000005C 07 E7           DCW              -6393       ; 46 0xe707 -0.1951
                                                            0
  165 0000005E 74 F3           DCW              -3212       ; 47 0xf374 -0.0980
                                                            2
  166 00000060 00 00           DCW              0           ; 48 0x0000  0.0000



ARM Macro Assembler    Page 5 


                                                            0
  167 00000062 8C 0C           DCW              3212        ; 49 0x0c8c  0.0980
                                                            2
  168 00000064 F9 18           DCW              6393        ; 50 0x18f9  0.1951
                                                            0
  169 00000066 28 25           DCW              9512        ; 51 0x2528  0.2902
                                                            8
  170 00000068 FC 30           DCW              12540       ; 52 0x30fc  0.3826
                                                            9
  171 0000006A 57 3C           DCW              15447       ; 53 0x3c57  0.4714
                                                            1
  172 0000006C 1D 47           DCW              18205       ; 54 0x471d  0.5555
                                                            7
  173 0000006E 34 51           DCW              20788       ; 55 0x5134  0.6344
                                                            0
  174 00000070 82 5A           DCW              23170       ; 56 0x5a82  0.7070
                                                            9
  175 00000072 F2 62           DCW              25330       ; 57 0x62f2  0.7730
                                                            1
  176 00000074 6E 6A           DCW              27246       ; 58 0x6a6e  0.8314
                                                            8
  177 00000076 E3 70           DCW              28899       ; 59 0x70e3  0.8819
                                                            3
  178 00000078 42 76           DCW              30274       ; 60 0x7642  0.9238
                                                            9
  179 0000007A 7D 7A           DCW              31357       ; 61 0x7a7d  0.9569
                                                            4
  180 0000007C 8A 7D           DCW              32138       ; 62 0x7d8a  0.9807
                                                            7
  181 0000007E 62 7F           DCW              32610       ; 63 0x7f62  0.9951
                                                            8
  182 00000080         TabSin
  183 00000080 00 00           DCW              0           ;  0 0x0000  0.0000
                                                            0
  184 00000082 8C 0C           DCW              3212        ;  1 0x0c8c  0.0980
                                                            2
  185 00000084 F9 18           DCW              6393        ;  2 0x18f9  0.1951
                                                            0
  186 00000086 28 25           DCW              9512        ;  3 0x2528  0.2902
                                                            8
  187 00000088 FC 30           DCW              12540       ;  4 0x30fc  0.3826
                                                            9
  188 0000008A 57 3C           DCW              15447       ;  5 0x3c57  0.4714
                                                            1
  189 0000008C 1D 47           DCW              18205       ;  6 0x471d  0.5555
                                                            7
  190 0000008E 34 51           DCW              20788       ;  7 0x5134  0.6344
                                                            0
  191 00000090 82 5A           DCW              23170       ;  8 0x5a82  0.7070
                                                            9
  192 00000092 F2 62           DCW              25330       ;  9 0x62f2  0.7730
                                                            1
  193 00000094 6E 6A           DCW              27246       ; 10 0x6a6e  0.8314
                                                            8
  194 00000096 E3 70           DCW              28899       ; 11 0x70e3  0.8819
                                                            3
  195 00000098 42 76           DCW              30274       ; 12 0x7642  0.9238
                                                            9
  196 0000009A 7D 7A           DCW              31357       ; 13 0x7a7d  0.9569



ARM Macro Assembler    Page 6 


                                                            4
  197 0000009C 8A 7D           DCW              32138       ; 14 0x7d8a  0.9807
                                                            7
  198 0000009E 62 7F           DCW              32610       ; 15 0x7f62  0.9951
                                                            8
  199 000000A0 FF 7F           DCW              32767       ; 16 0x7fff  0.9999
                                                            7
  200 000000A2 62 7F           DCW              32610       ; 17 0x7f62  0.9951
                                                            8
  201 000000A4 8A 7D           DCW              32138       ; 18 0x7d8a  0.9807
                                                            7
  202 000000A6 7D 7A           DCW              31357       ; 19 0x7a7d  0.9569
                                                            4
  203 000000A8 42 76           DCW              30274       ; 20 0x7642  0.9238
                                                            9
  204 000000AA E3 70           DCW              28899       ; 21 0x70e3  0.8819
                                                            3
  205 000000AC 6E 6A           DCW              27246       ; 22 0x6a6e  0.8314
                                                            8
  206 000000AE F2 62           DCW              25330       ; 23 0x62f2  0.7730
                                                            1
  207 000000B0 82 5A           DCW              23170       ; 24 0x5a82  0.7070
                                                            9
  208 000000B2 34 51           DCW              20788       ; 25 0x5134  0.6344
                                                            0
  209 000000B4 1D 47           DCW              18205       ; 26 0x471d  0.5555
                                                            7
  210 000000B6 57 3C           DCW              15447       ; 27 0x3c57  0.4714
                                                            1
  211 000000B8 FC 30           DCW              12540       ; 28 0x30fc  0.3826
                                                            9
  212 000000BA 28 25           DCW              9512        ; 29 0x2528  0.2902
                                                            8
  213 000000BC F9 18           DCW              6393        ; 30 0x18f9  0.1951
                                                            0
  214 000000BE 8C 0C           DCW              3212        ; 31 0x0c8c  0.0980
                                                            2
  215 000000C0 00 00           DCW              0           ; 32 0x0000  0.0000
                                                            0
  216 000000C2 74 F3           DCW              -3212       ; 33 0xf374 -0.0980
                                                            2
  217 000000C4 07 E7           DCW              -6393       ; 34 0xe707 -0.1951
                                                            0
  218 000000C6 D8 DA           DCW              -9512       ; 35 0xdad8 -0.2902
                                                            8
  219 000000C8 04 CF           DCW              -12540      ; 36 0xcf04 -0.3826
                                                            9
  220 000000CA A9 C3           DCW              -15447      ; 37 0xc3a9 -0.4714
                                                            1
  221 000000CC E3 B8           DCW              -18205      ; 38 0xb8e3 -0.5555
                                                            7
  222 000000CE CC AE           DCW              -20788      ; 39 0xaecc -0.6344
                                                            0
  223 000000D0 7E A5           DCW              -23170      ; 40 0xa57e -0.7070
                                                            9
  224 000000D2 0E 9D           DCW              -25330      ; 41 0x9d0e -0.7730
                                                            1
  225 000000D4 92 95           DCW              -27246      ; 42 0x9592 -0.8314
                                                            8



ARM Macro Assembler    Page 7 


  226 000000D6 1D 8F           DCW              -28899      ; 43 0x8f1d -0.8819
                                                            3
  227 000000D8 BE 89           DCW              -30274      ; 44 0x89be -0.9238
                                                            9
  228 000000DA 83 85           DCW              -31357      ; 45 0x8583 -0.9569
                                                            4
  229 000000DC 76 82           DCW              -32138      ; 46 0x8276 -0.9807
                                                            7
  230 000000DE 9E 80           DCW              -32610      ; 47 0x809e -0.9951
                                                            8
  231 000000E0 00 80           DCW              -32768      ; 48 0x8000 -1.0000
                                                            0
  232 000000E2 9E 80           DCW              -32610      ; 49 0x809e -0.9951
                                                            8
  233 000000E4 76 82           DCW              -32138      ; 50 0x8276 -0.9807
                                                            7
  234 000000E6 83 85           DCW              -31357      ; 51 0x8583 -0.9569
                                                            4
  235 000000E8 BE 89           DCW              -30274      ; 52 0x89be -0.9238
                                                            9
  236 000000EA 1D 8F           DCW              -28899      ; 53 0x8f1d -0.8819
                                                            3
  237 000000EC 92 95           DCW              -27246      ; 54 0x9592 -0.8314
                                                            8
  238 000000EE 0E 9D           DCW              -25330      ; 55 0x9d0e -0.7730
                                                            1
  239 000000F0 7E A5           DCW              -23170      ; 56 0xa57e -0.7070
                                                            9
  240 000000F2 CC AE           DCW              -20788      ; 57 0xaecc -0.6344
                                                            0
  241 000000F4 E3 B8           DCW              -18205      ; 58 0xb8e3 -0.5555
                                                            7
  242 000000F6 A9 C3           DCW              -15447      ; 59 0xc3a9 -0.4714
                                                            1
  243 000000F8 04 CF           DCW              -12540      ; 60 0xcf04 -0.3826
                                                            9
  244 000000FA D8 DA           DCW              -9512       ; 61 0xdad8 -0.2902
                                                            8
  245 000000FC 07 E7           DCW              -6393       ; 62 0xe707 -0.1951
                                                            0
  246 000000FE 74 F3           DCW              -3212       ; 63 0xf374 -0.0980
                                                            2
  247 00000100         
  248 00000100         
  249 00000100         
  250 00000100         
  251 00000100                 END
Command Line: --debug --xref --diag_suppress=9931 --cpu=Cortex-M3 --apcs=interw
ork --depend=.\obj\dft.d -o.\obj\dft.o -I.\RTE\_CibleSondeKEIL -IC:\Programdata
\Keil\Arm\Packs\ARM\CMSIS\5.7.0\CMSIS\Core\Include -IC:\Programdata\Keil\Arm\Pa
cks\Keil\STM32F1xx_DFP\2.3.0\Device\Include --predefine="__EVAL SETA 1" --prede
fine="__MICROLIB SETA 1" --predefine="__UVISION_VERSION SETA 534" --predefine="
_RTE_ SETA 1" --predefine="STM32F10X_MD SETA 1" --predefine="_RTE_ SETA 1" --li
st=dft.lst Src\DFT.s



ARM Macro Assembler    Page 1 Alphabetic symbol ordering
Relocatable symbols

mesdata 00000000

Symbol: mesdata
   Definitions
      At line 7 in file Src\DFT.s
   Uses
      None
Comment: mesdata unused
1 symbol



ARM Macro Assembler    Page 1 Alphabetic symbol ordering
Relocatable symbols

maram 00000000

Symbol: maram
   Definitions
      At line 11 in file Src\DFT.s
   Uses
      None
Comment: maram unused
1 symbol



ARM Macro Assembler    Page 1 Alphabetic symbol ordering
Relocatable symbols

DFT_ModuleAuCarre 00000000

Symbol: DFT_ModuleAuCarre
   Definitions
      At line 29 in file Src\DFT.s
   Uses
      At line 22 in file Src\DFT.s
Comment: DFT_ModuleAuCarre used once
endp 0000009A

Symbol: endp
   Definitions
      At line 109 in file Src\DFT.s
   Uses
      None
Comment: endp unused
for_loop 00000026

Symbol: for_loop
   Definitions
      At line 45 in file Src\DFT.s
   Uses
      At line 67 in file Src\DFT.s
Comment: for_loop used once
get_COS 00000084

Symbol: get_COS
   Definitions
      At line 96 in file Src\DFT.s
   Uses
      At line 50 in file Src\DFT.s
Comment: get_COS used once
get_LeSignal 00000094

Symbol: get_LeSignal
   Definitions
      At line 104 in file Src\DFT.s
   Uses
      At line 60 in file Src\DFT.s
Comment: get_LeSignal used once
get_SIN 00000074

Symbol: get_SIN
   Definitions
      At line 88 in file Src\DFT.s
   Uses
      At line 55 in file Src\DFT.s
Comment: get_SIN used once
moncode 00000000

Symbol: moncode
   Definitions
      At line 20 in file Src\DFT.s
   Uses
      None
Comment: moncode unused
7 symbols



ARM Macro Assembler    Page 1 Alphabetic symbol ordering
Relocatable symbols

TabCos 00000000

Symbol: TabCos
   Definitions
      At line 117 in file Src\DFT.s
   Uses
      At line 97 in file Src\DFT.s
Comment: TabCos used once
TabSin 00000080

Symbol: TabSin
   Definitions
      At line 182 in file Src\DFT.s
   Uses
      At line 89 in file Src\DFT.s
Comment: TabSin used once
Trigo 00000000

Symbol: Trigo
   Definitions
      At line 113 in file Src\DFT.s
   Uses
      None
Comment: Trigo unused
3 symbols



ARM Macro Assembler    Page 1 Alphabetic symbol ordering
Absolute symbols

MAX 00000040

Symbol: MAX
   Definitions
      At line 24 in file Src\DFT.s
   Uses
      At line 66 in file Src\DFT.s
Comment: MAX used once
MOD 0000003F

Symbol: MOD
   Definitions
      At line 25 in file Src\DFT.s
   Uses
      At line 91 in file Src\DFT.s
      At line 99 in file Src\DFT.s

2 symbols
351 symbols in table
